\BOOKMARK [0][-]{chapter.1}{\376\377\0001\000\040\000L\000i\000n\000u\000x\000\040\000L\000o\000a\000d\000a\000b\000l\000e\000\040\000K\000e\000r\000n\000e\000l\000\040\000M\000o\000d\000u\000l\000e\000\040\000D\000r\000i\000v\000e\000r\000\040\000f\000o\000r\000\040\000S\000S\000D\0001\0003\0000\0006\000\040\000O\000L\000E\000D\000.}{}% 1
\BOOKMARK [0][-]{chapter.2}{\376\377\0002\000\040\000C\000l\000a\000s\000s\000\040\000I\000n\000d\000e\000x}{}% 2
\BOOKMARK [1][-]{section.2.1}{\376\377\0002\000.\0001\000\040\000C\000l\000a\000s\000s\000\040\000L\000i\000s\000t}{chapter.2}% 3
\BOOKMARK [0][-]{chapter.3}{\376\377\0003\000\040\000F\000i\000l\000e\000\040\000I\000n\000d\000e\000x}{}% 4
\BOOKMARK [1][-]{section.3.1}{\376\377\0003\000.\0001\000\040\000F\000i\000l\000e\000\040\000L\000i\000s\000t}{chapter.3}% 5
\BOOKMARK [0][-]{chapter.4}{\376\377\0004\000\040\000C\000l\000a\000s\000s\000\040\000D\000o\000c\000u\000m\000e\000n\000t\000a\000t\000i\000o\000n}{}% 6
\BOOKMARK [1][-]{section.4.1}{\376\377\0004\000.\0001\000\040\000o\000l\000e\000d\000\137\000g\000r\000a\000p\000h\000i\000c\000s\000\137\000p\000a\000r\000a\000m\000s\000\137\000t\000\040\000S\000t\000r\000u\000c\000t\000\040\000R\000e\000f\000e\000r\000e\000n\000c\000e}{chapter.4}% 7
\BOOKMARK [0][-]{chapter.5}{\376\377\0005\000\040\000F\000i\000l\000e\000\040\000D\000o\000c\000u\000m\000e\000n\000t\000a\000t\000i\000o\000n}{}% 8
\BOOKMARK [1][-]{section.5.1}{\376\377\0005\000.\0001\000\040\000d\000a\000t\000a\000l\000i\000n\000k\000.\000c\000\040\000F\000i\000l\000e\000\040\000R\000e\000f\000e\000r\000e\000n\000c\000e}{chapter.5}% 9
\BOOKMARK [1][-]{section.5.2}{\376\377\0005\000.\0002\000\040\000d\000a\000t\000a\000l\000i\000n\000k\000.\000h\000\040\000F\000i\000l\000e\000\040\000R\000e\000f\000e\000r\000e\000n\000c\000e}{chapter.5}% 10
\BOOKMARK [2][-]{subsection.5.2.1}{\376\377\0005\000.\0002\000.\0001\000\040\000D\000e\000t\000a\000i\000l\000e\000d\000\040\000D\000e\000s\000c\000r\000i\000p\000t\000i\000o\000n}{section.5.2}% 11
\BOOKMARK [2][-]{subsection.5.2.2}{\376\377\0005\000.\0002\000.\0002\000\040\000F\000u\000n\000c\000t\000i\000o\000n\000\040\000D\000o\000c\000u\000m\000e\000n\000t\000a\000t\000i\000o\000n}{section.5.2}% 12
\BOOKMARK [3][-]{subsubsection.5.2.2.1}{\376\377\0005\000.\0002\000.\0002\000.\0001\000\040\000s\000s\000d\0001\0003\0000\0006\000\137\000c\000o\000n\000t\000r\000o\000l\000l\000e\000r\000\137\000i\000n\000i\000t\000\050\000\051}{subsection.5.2.2}% 13
\BOOKMARK [3][-]{subsubsection.5.2.2.2}{\376\377\0005\000.\0002\000.\0002\000.\0002\000\040\000s\000s\000d\0001\0003\0000\0006\000\137\000w\000r\000i\000t\000e\000\137\000a\000d\000d\000r\000e\000s\000s\000\050\000\051}{subsection.5.2.2}% 14
\BOOKMARK [1][-]{section.5.3}{\376\377\0005\000.\0003\000\040\000d\000r\000i\000v\000e\000r\000.\000c\000\040\000F\000i\000l\000e\000\040\000R\000e\000f\000e\000r\000e\000n\000c\000e}{chapter.5}% 15
\BOOKMARK [2][-]{subsection.5.3.1}{\376\377\0005\000.\0003\000.\0001\000\040\000D\000e\000t\000a\000i\000l\000e\000d\000\040\000D\000e\000s\000c\000r\000i\000p\000t\000i\000o\000n}{section.5.3}% 16
\BOOKMARK [2][-]{subsection.5.3.2}{\376\377\0005\000.\0003\000.\0002\000\040\000F\000u\000n\000c\000t\000i\000o\000n\000\040\000D\000o\000c\000u\000m\000e\000n\000t\000a\000t\000i\000o\000n}{section.5.3}% 17
\BOOKMARK [3][-]{subsubsection.5.3.2.1}{\376\377\0005\000.\0003\000.\0002\000.\0001\000\040\000d\000r\000i\000v\000e\000r\000\137\000o\000n\000\137\000p\000r\000o\000b\000e\000\050\000\051}{subsection.5.3.2}% 18
\BOOKMARK [3][-]{subsubsection.5.3.2.2}{\376\377\0005\000.\0003\000.\0002\000.\0002\000\040\000d\000r\000i\000v\000e\000r\000\137\000o\000n\000\137\000r\000e\000m\000o\000v\000e\000\050\000\051}{subsection.5.3.2}% 19
\BOOKMARK [2][-]{subsection.5.3.3}{\376\377\0005\000.\0003\000.\0003\000\040\000V\000a\000r\000i\000a\000b\000l\000e\000\040\000D\000o\000c\000u\000m\000e\000n\000t\000a\000t\000i\000o\000n}{section.5.3}% 20
\BOOKMARK [3][-]{subsubsection.5.3.3.1}{\376\377\0005\000.\0003\000.\0003\000.\0001\000\040\000d\000r\000i\000v\000e\000r\000\137\000d\000e\000v\000i\000c\000e\000\137\000i\000d}{subsection.5.3.3}% 21
\BOOKMARK [3][-]{subsubsection.5.3.3.2}{\376\377\0005\000.\0003\000.\0003\000.\0002\000\040\000d\000r\000i\000v\000e\000r\000\137\000i\000d}{subsection.5.3.3}% 22
\BOOKMARK [3][-]{subsubsection.5.3.3.3}{\376\377\0005\000.\0003\000.\0003\000.\0003\000\040\000i\0002\000c\000\137\000c\000l\000i\000e\000n\000t}{subsection.5.3.3}% 23
\BOOKMARK [3][-]{subsubsection.5.3.3.4}{\376\377\0005\000.\0003\000.\0003\000.\0004\000\040\000i\0002\000c\000\137\000d\000r\000i\000v\000e\000r}{subsection.5.3.3}% 24
\BOOKMARK [1][-]{section.5.4}{\376\377\0005\000.\0004\000\040\000g\000r\000a\000p\000h\000i\000c\000s\000.\000c\000\040\000F\000i\000l\000e\000\040\000R\000e\000f\000e\000r\000e\000n\000c\000e}{chapter.5}% 25
\BOOKMARK [2][-]{subsection.5.4.1}{\376\377\0005\000.\0004\000.\0001\000\040\000D\000e\000t\000a\000i\000l\000e\000d\000\040\000D\000e\000s\000c\000r\000i\000p\000t\000i\000o\000n}{section.5.4}% 26
\BOOKMARK [2][-]{subsection.5.4.2}{\376\377\0005\000.\0004\000.\0002\000\040\000M\000a\000c\000r\000o\000\040\000D\000e\000f\000i\000n\000i\000t\000i\000o\000n\000\040\000D\000o\000c\000u\000m\000e\000n\000t\000a\000t\000i\000o\000n}{section.5.4}% 27
\BOOKMARK [3][-]{subsubsection.5.4.2.1}{\376\377\0005\000.\0004\000.\0002\000.\0001\000\040\000D\000I\000N\000O\000S\000A\000U\000R\000\137\000B\000I\000T\000M\000A\000P\000\137\000R\000O\000W\000S}{subsection.5.4.2}% 28
\BOOKMARK [2][-]{subsection.5.4.3}{\376\377\0005\000.\0004\000.\0003\000\040\000F\000u\000n\000c\000t\000i\000o\000n\000\040\000D\000o\000c\000u\000m\000e\000n\000t\000a\000t\000i\000o\000n}{section.5.4}% 29
\BOOKMARK [3][-]{subsubsection.5.4.3.1}{\376\377\0005\000.\0004\000.\0003\000.\0001\000\040\000o\000l\000e\000d\000\137\000d\000r\000a\000w\000\137\000d\000i\000n\000o\000\137\000m\000a\000p\000\050\000\051}{subsection.5.4.3}% 30
\BOOKMARK [3][-]{subsubsection.5.4.3.2}{\376\377\0005\000.\0004\000.\0003\000.\0002\000\040\000o\000l\000e\000d\000\137\000f\000i\000l\000l\000\137\000a\000l\000l\000\050\000\051}{subsection.5.4.3}% 31
\BOOKMARK [3][-]{subsubsection.5.4.3.3}{\376\377\0005\000.\0004\000.\0003\000.\0003\000\040\000o\000l\000e\000d\000\137\000n\000e\000w\000\137\000l\000i\000n\000e\000\050\000\051}{subsection.5.4.3}% 32
\BOOKMARK [3][-]{subsubsection.5.4.3.4}{\376\377\0005\000.\0004\000.\0003\000.\0004\000\040\000o\000l\000e\000d\000\137\000p\000r\000i\000n\000t\000f\000\050\000\051}{subsection.5.4.3}% 33
\BOOKMARK [3][-]{subsubsection.5.4.3.5}{\376\377\0005\000.\0004\000.\0003\000.\0005\000\040\000o\000l\000e\000d\000\137\000p\000u\000t\000c\000\050\000\051}{subsection.5.4.3}% 34
\BOOKMARK [3][-]{subsubsection.5.4.3.6}{\376\377\0005\000.\0004\000.\0003\000.\0006\000\040\000o\000l\000e\000d\000\137\000s\000e\000t\000\137\000c\000u\000r\000s\000o\000r\000\050\000\051}{subsection.5.4.3}% 35
\BOOKMARK [2][-]{subsection.5.4.4}{\376\377\0005\000.\0004\000.\0004\000\040\000V\000a\000r\000i\000a\000b\000l\000e\000\040\000D\000o\000c\000u\000m\000e\000n\000t\000a\000t\000i\000o\000n}{section.5.4}% 36
\BOOKMARK [3][-]{subsubsection.5.4.4.1}{\376\377\0005\000.\0004\000.\0004\000.\0001\000\040\000D\000I\000N\000O\000S\000A\000U\000R\000\137\000B\000I\000T\000M\000A\000P}{subsection.5.4.4}% 37
\BOOKMARK [3][-]{subsubsection.5.4.4.2}{\376\377\0005\000.\0004\000.\0004\000.\0002\000\040\000F\000O\000N\000T\000\137\000T\000A\000B\000L\000E}{subsection.5.4.4}% 38
\BOOKMARK [3][-]{subsubsection.5.4.4.3}{\376\377\0005\000.\0004\000.\0004\000.\0003\000\040\000o\000l\000e\000d\000\137\000g\000r\000a\000p\000h\000i\000c\000s\000\137\000p\000a\000r\000a\000m\000s}{subsection.5.4.4}% 39
\BOOKMARK [1][-]{section.5.5}{\376\377\0005\000.\0005\000\040\000g\000r\000a\000p\000h\000i\000c\000s\000.\000h\000\040\000F\000i\000l\000e\000\040\000R\000e\000f\000e\000r\000e\000n\000c\000e}{chapter.5}% 40
\BOOKMARK [2][-]{subsection.5.5.1}{\376\377\0005\000.\0005\000.\0001\000\040\000D\000e\000t\000a\000i\000l\000e\000d\000\040\000D\000e\000s\000c\000r\000i\000p\000t\000i\000o\000n}{section.5.5}% 41
\BOOKMARK [2][-]{subsection.5.5.2}{\376\377\0005\000.\0005\000.\0002\000\040\000F\000u\000n\000c\000t\000i\000o\000n\000\040\000D\000o\000c\000u\000m\000e\000n\000t\000a\000t\000i\000o\000n}{section.5.5}% 42
\BOOKMARK [3][-]{subsubsection.5.5.2.1}{\376\377\0005\000.\0005\000.\0002\000.\0001\000\040\000o\000l\000e\000d\000\137\000d\000r\000a\000w\000\137\000d\000i\000n\000o\000\137\000m\000a\000p\000\050\000\051}{subsection.5.5.2}% 43
\BOOKMARK [3][-]{subsubsection.5.5.2.2}{\376\377\0005\000.\0005\000.\0002\000.\0002\000\040\000o\000l\000e\000d\000\137\000f\000i\000l\000l\000\137\000a\000l\000l\000\050\000\051}{subsection.5.5.2}% 44
\BOOKMARK [3][-]{subsubsection.5.5.2.3}{\376\377\0005\000.\0005\000.\0002\000.\0003\000\040\000o\000l\000e\000d\000\137\000n\000e\000w\000\137\000l\000i\000n\000e\000\050\000\051}{subsection.5.5.2}% 45
\BOOKMARK [3][-]{subsubsection.5.5.2.4}{\376\377\0005\000.\0005\000.\0002\000.\0004\000\040\000o\000l\000e\000d\000\137\000p\000r\000i\000n\000t\000f\000\050\000\051}{subsection.5.5.2}% 46
\BOOKMARK [3][-]{subsubsection.5.5.2.5}{\376\377\0005\000.\0005\000.\0002\000.\0005\000\040\000o\000l\000e\000d\000\137\000p\000u\000t\000c\000\050\000\051}{subsection.5.5.2}% 47
\BOOKMARK [3][-]{subsubsection.5.5.2.6}{\376\377\0005\000.\0005\000.\0002\000.\0006\000\040\000o\000l\000e\000d\000\137\000s\000e\000t\000\137\000c\000u\000r\000s\000o\000r\000\050\000\051}{subsection.5.5.2}% 48
\BOOKMARK [0][-]{section*.21}{\376\377\000I\000n\000d\000e\000x}{}% 49
